<?xml version="1.0" encoding="UTF-8"?>
<!-- Generated by org.testng.reporters.JUnitXMLReporter -->
<testsuite ignored="0" hostname="DESKTOP-3RS7JLM" failures="0" tests="3" name="Test" time="33.201" errors="0" timestamp="2026-01-07T14:06:21 IST">
  <testcase classname="testscript.AdminUsersTest" name="adminUsersMethod" time="10.862">
    <skipped/>
  </testcase> <!-- adminUsersMethod -->
  <testcase classname="testscript.AdminUsersTest" name="adminUsersMethod" time="8.802">
    <skipped/>
  </testcase> <!-- adminUsersMethod -->
  <testcase classname="testscript.AdminUsersTest" name="adminUsersMethod" time="3.945"/>
</testsuite> <!-- Test -->
