<?xml version="1.0" encoding="UTF-8"?>
<!-- Generated by org.testng.reporters.JUnitXMLReporter -->
<testsuite ignored="0" hostname="DESKTOP-3RS7JLM" failures="0" tests="11" name="Test" time="54.102" errors="0" timestamp="2026-01-13T10:23:55 IST">
  <testcase classname="testscript.ManageContactTest" name="manageContactMethod" time="5.364"/>
  <testcase classname="testscript.ManageNewsTest" name="manageNewsMoreInfoMethod" time="2.079"/>
  <testcase classname="testscript.ManageFooterTextTest" name="manageFooterTextMethod" time="2.209"/>
  <testcase classname="testscript.LogoutTest" name="logoutMethod" time="1.354"/>
  <testcase classname="testscript.LoginTest" name="verifyTheUserIsAbleToLoginUsingValidCredentials" time="0.866"/>
  <testcase classname="testscript.LoginTest" name="verifyTheUserIsAbleToLoginUsingValidUsernameAndInvalidPassword" time="0.746"/>
  <testcase classname="testscript.LoginTest" name="verifyTheUserIsAbleToLoginUsingInvalidUsernameAndValidPassword" time="0.814"/>
  <testcase classname="testscript.LoginTest" name="verifyTheUserIsAbleToLoginUsingInValidCredentials" time="0.673"/>
  <testcase classname="testscript.ManageCategoryTest" name="manageCategoryMethod" time="8.266"/>
  <testcase classname="testscript.AdminUsersTest" name="adminUsersMethod" time="7.911">
    <skipped/>
  </testcase> <!-- adminUsersMethod -->
  <testcase classname="testscript.AdminUsersTest" name="adminUsersMethod" time="3.058"/>
</testsuite> <!-- Test -->
