<?xml version="1.0" encoding="UTF-8"?>
<!-- Generated by org.testng.reporters.JUnitXMLReporter -->
<testsuite ignored="0" hostname="DESKTOP-3RS7JLM" failures="0" tests="12" name="Test" time="63.259" errors="0" timestamp="2026-01-13T10:34:51 IST">
  <testcase classname="testscript.ManageContactTest" name="manageContactMethod" time="5.501"/>
  <testcase classname="testscript.ManageNewsTest" name="manageNewsMoreInfoMethod" time="2.703"/>
  <testcase classname="testscript.ManageFooterTextTest" name="manageFooterTextMethod" time="2.199"/>
  <testcase classname="testscript.LogoutTest" name="logoutMethod" time="1.418"/>
  <testcase classname="testscript.LoginTest" name="verifyTheUserIsAbleToLoginUsingValidCredentials" time="0.966"/>
  <testcase classname="testscript.LoginTest" name="verifyTheUserIsAbleToLoginUsingValidUsernameAndInvalidPassword" time="0.742"/>
  <testcase classname="testscript.LoginTest" name="verifyTheUserIsAbleToLoginUsingInvalidUsernameAndValidPassword" time="0.899"/>
  <testcase classname="testscript.LoginTest" name="verifyTheUserIsAbleToLoginUsingInValidCredentials" time="0.675"/>
  <testcase classname="testscript.ManageCategoryTest" name="manageCategoryMethod" time="8.658"/>
  <testcase classname="testscript.AdminUsersTest" name="adminUsersMethod" time="8.228">
    <skipped/>
  </testcase> <!-- adminUsersMethod -->
  <testcase classname="testscript.AdminUsersTest" name="adminUsersMethod" time="7.629">
    <skipped/>
  </testcase> <!-- adminUsersMethod -->
  <testcase classname="testscript.AdminUsersTest" name="adminUsersMethod" time="3.272"/>
</testsuite> <!-- Test -->
