<?xml version="1.0" encoding="UTF-8"?>
<testng-results ignored="0" total="8" passed="8" failed="0" skipped="0">
  <reporter-output>
  </reporter-output>
  <suite started-at="2026-01-07T14:07:23 IST" name="MultiBrowserTesting" finished-at="2026-01-07T14:08:04 IST" duration-ms="40600">
    <groups>
    </groups>
    <test started-at="2026-01-07T14:07:23 IST" name="ChromeTest" finished-at="2026-01-07T14:07:38 IST" duration-ms="15109">
      <class name="testscript.LoginTest">
        <test-method is-config="true" signature="browserInitialization(java.lang.String)[pri:0, instance:testscript.LoginTest@4c583ecf]" started-at="2026-01-07T14:07:23 IST" name="browserInitialization" finished-at="2026-01-07T14:07:26 IST" duration-ms="3114" status="PASS">
          <params>
            <param index="0">
              <value>
                <![CDATA[chrome]]>
              </value>
            </param>
          </params>
          <reporter-output>
          </reporter-output>
        </test-method> <!-- browserInitialization -->
        <test-method signature="verifyTheUserIsAbleToLoginUsingValidCredentials()[pri:1, instance:testscript.LoginTest@4c583ecf]" started-at="2026-01-07T14:07:26 IST" name="verifyTheUserIsAbleToLoginUsingValidCredentials" finished-at="2026-01-07T14:07:30 IST" duration-ms="3516" status="PASS">
          <reporter-output>
          </reporter-output>
        </test-method> <!-- verifyTheUserIsAbleToLoginUsingValidCredentials -->
        <test-method is-config="true" signature="browserInitialization(java.lang.String)[pri:0, instance:testscript.LoginTest@4c583ecf]" started-at="2026-01-07T14:07:30 IST" name="browserInitialization" finished-at="2026-01-07T14:07:32 IST" duration-ms="1928" status="PASS">
          <params>
            <param index="0">
              <value>
                <![CDATA[chrome]]>
              </value>
            </param>
          </params>
          <reporter-output>
          </reporter-output>
        </test-method> <!-- browserInitialization -->
        <test-method signature="verifyTheUserIsAbleToLoginUsingValidUsernameAndInvalidPassword()[pri:2, instance:testscript.LoginTest@4c583ecf]" started-at="2026-01-07T14:07:32 IST" name="verifyTheUserIsAbleToLoginUsingValidUsernameAndInvalidPassword" finished-at="2026-01-07T14:07:33 IST" duration-ms="1481" status="PASS">
          <reporter-output>
          </reporter-output>
        </test-method> <!-- verifyTheUserIsAbleToLoginUsingValidUsernameAndInvalidPassword -->
        <test-method is-config="true" signature="browserInitialization(java.lang.String)[pri:0, instance:testscript.LoginTest@4c583ecf]" started-at="2026-01-07T14:07:33 IST" name="browserInitialization" finished-at="2026-01-07T14:07:35 IST" duration-ms="2020" status="PASS">
          <params>
            <param index="0">
              <value>
                <![CDATA[chrome]]>
              </value>
            </param>
          </params>
          <reporter-output>
          </reporter-output>
        </test-method> <!-- browserInitialization -->
        <test-method signature="verifyTheUserIsAbleToLoginUsingInvalidUsernameAndValidPassword()[pri:3, instance:testscript.LoginTest@4c583ecf]" started-at="2026-01-07T14:07:35 IST" name="verifyTheUserIsAbleToLoginUsingInvalidUsernameAndValidPassword" finished-at="2026-01-07T14:07:36 IST" duration-ms="552" status="PASS">
          <reporter-output>
          </reporter-output>
        </test-method> <!-- verifyTheUserIsAbleToLoginUsingInvalidUsernameAndValidPassword -->
        <test-method is-config="true" signature="browserInitialization(java.lang.String)[pri:0, instance:testscript.LoginTest@4c583ecf]" started-at="2026-01-07T14:07:36 IST" name="browserInitialization" finished-at="2026-01-07T14:07:37 IST" duration-ms="1373" status="PASS">
          <params>
            <param index="0">
              <value>
                <![CDATA[chrome]]>
              </value>
            </param>
          </params>
          <reporter-output>
          </reporter-output>
        </test-method> <!-- browserInitialization -->
        <test-method signature="verifyTheUserIsAbleToLoginUsingInValidCredentials()[pri:4, instance:testscript.LoginTest@4c583ecf]" started-at="2026-01-07T14:07:37 IST" name="verifyTheUserIsAbleToLoginUsingInValidCredentials" finished-at="2026-01-07T14:07:38 IST" duration-ms="1020" status="PASS">
          <reporter-output>
          </reporter-output>
        </test-method> <!-- verifyTheUserIsAbleToLoginUsingInValidCredentials -->
      </class> <!-- testscript.LoginTest -->
    </test> <!-- ChromeTest -->
    <test started-at="2026-01-07T14:07:38 IST" name="FirefoxTest" finished-at="2026-01-07T14:08:04 IST" duration-ms="25425">
      <class name="testscript.LoginTest">
        <test-method is-config="true" signature="browserInitialization(java.lang.String)[pri:0, instance:testscript.LoginTest@1c1bbc4e]" started-at="2026-01-07T14:07:38 IST" name="browserInitialization" finished-at="2026-01-07T14:07:45 IST" duration-ms="6866" status="PASS">
          <params>
            <param index="0">
              <value>
                <![CDATA[firefox]]>
              </value>
            </param>
          </params>
          <reporter-output>
          </reporter-output>
        </test-method> <!-- browserInitialization -->
        <test-method signature="verifyTheUserIsAbleToLoginUsingValidCredentials()[pri:1, instance:testscript.LoginTest@1c1bbc4e]" started-at="2026-01-07T14:07:45 IST" name="verifyTheUserIsAbleToLoginUsingValidCredentials" finished-at="2026-01-07T14:07:47 IST" duration-ms="1430" status="PASS">
          <reporter-output>
          </reporter-output>
        </test-method> <!-- verifyTheUserIsAbleToLoginUsingValidCredentials -->
        <test-method is-config="true" signature="browserInitialization(java.lang.String)[pri:0, instance:testscript.LoginTest@1c1bbc4e]" started-at="2026-01-07T14:07:47 IST" name="browserInitialization" finished-at="2026-01-07T14:07:51 IST" duration-ms="4546" status="PASS">
          <params>
            <param index="0">
              <value>
                <![CDATA[firefox]]>
              </value>
            </param>
          </params>
          <reporter-output>
          </reporter-output>
        </test-method> <!-- browserInitialization -->
        <test-method signature="verifyTheUserIsAbleToLoginUsingValidUsernameAndInvalidPassword()[pri:2, instance:testscript.LoginTest@1c1bbc4e]" started-at="2026-01-07T14:07:51 IST" name="verifyTheUserIsAbleToLoginUsingValidUsernameAndInvalidPassword" finished-at="2026-01-07T14:07:52 IST" duration-ms="626" status="PASS">
          <reporter-output>
          </reporter-output>
        </test-method> <!-- verifyTheUserIsAbleToLoginUsingValidUsernameAndInvalidPassword -->
        <test-method is-config="true" signature="browserInitialization(java.lang.String)[pri:0, instance:testscript.LoginTest@1c1bbc4e]" started-at="2026-01-07T14:07:52 IST" name="browserInitialization" finished-at="2026-01-07T14:07:57 IST" duration-ms="4949" status="PASS">
          <params>
            <param index="0">
              <value>
                <![CDATA[firefox]]>
              </value>
            </param>
          </params>
          <reporter-output>
          </reporter-output>
        </test-method> <!-- browserInitialization -->
        <test-method signature="verifyTheUserIsAbleToLoginUsingInvalidUsernameAndValidPassword()[pri:3, instance:testscript.LoginTest@1c1bbc4e]" started-at="2026-01-07T14:07:57 IST" name="verifyTheUserIsAbleToLoginUsingInvalidUsernameAndValidPassword" finished-at="2026-01-07T14:07:57 IST" duration-ms="563" status="PASS">
          <reporter-output>
          </reporter-output>
        </test-method> <!-- verifyTheUserIsAbleToLoginUsingInvalidUsernameAndValidPassword -->
        <test-method is-config="true" signature="browserInitialization(java.lang.String)[pri:0, instance:testscript.LoginTest@1c1bbc4e]" started-at="2026-01-07T14:07:57 IST" name="browserInitialization" finished-at="2026-01-07T14:08:02 IST" duration-ms="5051" status="PASS">
          <params>
            <param index="0">
              <value>
                <![CDATA[firefox]]>
              </value>
            </param>
          </params>
          <reporter-output>
          </reporter-output>
        </test-method> <!-- browserInitialization -->
        <test-method signature="verifyTheUserIsAbleToLoginUsingInValidCredentials()[pri:4, instance:testscript.LoginTest@1c1bbc4e]" started-at="2026-01-07T14:08:02 IST" name="verifyTheUserIsAbleToLoginUsingInValidCredentials" finished-at="2026-01-07T14:08:04 IST" duration-ms="1375" status="PASS">
          <reporter-output>
          </reporter-output>
        </test-method> <!-- verifyTheUserIsAbleToLoginUsingInValidCredentials -->
      </class> <!-- testscript.LoginTest -->
    </test> <!-- FirefoxTest -->
  </suite> <!-- MultiBrowserTesting -->
</testng-results>
