<?xml version="1.0" encoding="UTF-8"?>
<!-- Generated by org.testng.reporters.JUnitXMLReporter -->
<testsuite ignored="0" hostname="DESKTOP-3RS7JLM" failures="0" tests="10" name="ChromeTest" time="66.033" errors="0" timestamp="2026-01-19T11:09:04 IST">
  <testcase classname="testscript.ManageCategoryTest" name="manageCategoryMethod" time="12.465"/>
  <testcase classname="testscript.AdminUsersTest" name="adminUsersMethod" time="5.2"/>
  <testcase classname="testscript.ManageContactTest" name="manageContactMethod" time="5.18"/>
  <testcase classname="testscript.ManageNewsTest" name="manageNewsMoreInfoMethod" time="3.505"/>
  <testcase classname="testscript.ManageFooterTextTest" name="manageFooterTextMethod" time="3.419"/>
  <testcase classname="testscript.LoginTest" name="verifyTheUserIsAbleToLoginUsingValidCredentials" time="1.448"/>
  <testcase classname="testscript.LoginTest" name="verifyTheUserIsAbleToLoginUsingValidUsernameAndInvalidPassword" time="1.085"/>
  <testcase classname="testscript.LoginTest" name="verifyTheUserIsAbleToLoginUsingInvalidUsernameAndValidPassword" time="0.934"/>
  <testcase classname="testscript.LoginTest" name="verifyTheUserIsAbleToLoginUsingInValidCredentials" time="1.08"/>
  <testcase classname="testscript.LogoutTest" name="logoutMethod" time="1.704"/>
</testsuite> <!-- ChromeTest -->
