<?xml version="1.0" encoding="UTF-8"?>
<!-- Generated by org.testng.reporters.JUnitXMLReporter -->
<testsuite ignored="0" hostname="DESKTOP-3RS7JLM" failures="0" tests="10" name="ChromeTest" time="47.603" errors="0" timestamp="2026-01-05T23:24:06 IST">
  <testcase classname="testscript.ManageCategoryTest" name="manageCategoryMethod" time="5.601"/>
  <testcase classname="testscript.AdminUsersTest" name="adminUsersMethod" time="3.461"/>
  <testcase classname="testscript.ManageContactTest" name="manageContactMethod" time="4.072"/>
  <testcase classname="testscript.ManageNewsTest" name="manageNewsMoreInfoMethod" time="3.24"/>
  <testcase classname="testscript.ManageFooterTextTest" name="manageFooterTextMethod" time="2.898"/>
  <testcase classname="testscript.LoginTest" name="verifyTheUserIsAbleToLoginUsingValidCredentials" time="1.131"/>
  <testcase classname="testscript.LoginTest" name="verifyTheUserIsAbleToLoginUsingValidUsernameAndInvalidPassword" time="0.897"/>
  <testcase classname="testscript.LoginTest" name="verifyTheUserIsAbleToLoginUsingInvalidUsernameAndValidPassword" time="0.878"/>
  <testcase classname="testscript.LoginTest" name="verifyTheUserIsAbleToLoginUsingInValidCredentials" time="0.935"/>
  <testcase classname="testscript.LogoutTest" name="logoutMethod" time="2.648"/>
</testsuite> <!-- ChromeTest -->
