<?xml version="1.0" encoding="UTF-8"?>
<!-- Generated by org.testng.reporters.JUnitXMLReporter -->
<testsuite ignored="0" hostname="DESKTOP-3RS7JLM" failures="0" tests="10" name="FirefoxTest" time="130.528" errors="0" timestamp="2026-01-05T23:26:16 IST">
  <testcase classname="testscript.ManageCategoryTest" name="manageCategoryMethod" time="2.266"/>
  <testcase classname="testscript.AdminUsersTest" name="adminUsersMethod" time="2.941"/>
  <testcase classname="testscript.ManageContactTest" name="manageContactMethod" time="4.11"/>
  <testcase classname="testscript.ManageNewsTest" name="manageNewsMoreInfoMethod" time="3.692"/>
  <testcase classname="testscript.ManageFooterTextTest" name="manageFooterTextMethod" time="4.029"/>
  <testcase classname="testscript.LoginTest" name="verifyTheUserIsAbleToLoginUsingValidCredentials" time="1.985"/>
  <testcase classname="testscript.LoginTest" name="verifyTheUserIsAbleToLoginUsingValidUsernameAndInvalidPassword" time="2.525"/>
  <testcase classname="testscript.LoginTest" name="verifyTheUserIsAbleToLoginUsingInvalidUsernameAndValidPassword" time="1.891"/>
  <testcase classname="testscript.LoginTest" name="verifyTheUserIsAbleToLoginUsingInValidCredentials" time="2.783"/>
  <testcase classname="testscript.LogoutTest" name="logoutMethod" time="3.265"/>
</testsuite> <!-- FirefoxTest -->
