<?xml version="1.0" encoding="UTF-8"?>
<!-- Generated by org.testng.reporters.JUnitXMLReporter -->
<testsuite ignored="0" hostname="DESKTOP-3RS7JLM" failures="0" tests="12" name="FirefoxTest" time="204.916" errors="0" timestamp="2026-01-19T11:12:29 IST">
  <testcase classname="testscript.ManageCategoryTest" name="manageCategoryMethod" time="12.164"/>
  <testcase classname="testscript.AdminUsersTest" name="adminUsersMethod" time="10.001">
    <skipped/>
  </testcase> <!-- adminUsersMethod -->
  <testcase classname="testscript.AdminUsersTest" name="adminUsersMethod" time="9.542">
    <skipped/>
  </testcase> <!-- adminUsersMethod -->
  <testcase classname="testscript.AdminUsersTest" name="adminUsersMethod" time="4.639"/>
  <testcase classname="testscript.ManageContactTest" name="manageContactMethod" time="5.175"/>
  <testcase classname="testscript.ManageNewsTest" name="manageNewsMoreInfoMethod" time="4.195"/>
  <testcase classname="testscript.ManageFooterTextTest" name="manageFooterTextMethod" time="4.248"/>
  <testcase classname="testscript.LoginTest" name="verifyTheUserIsAbleToLoginUsingValidCredentials" time="1.336"/>
  <testcase classname="testscript.LoginTest" name="verifyTheUserIsAbleToLoginUsingValidUsernameAndInvalidPassword" time="0.829"/>
  <testcase classname="testscript.LoginTest" name="verifyTheUserIsAbleToLoginUsingInvalidUsernameAndValidPassword" time="1.023"/>
  <testcase classname="testscript.LoginTest" name="verifyTheUserIsAbleToLoginUsingInValidCredentials" time="1.123"/>
  <testcase classname="testscript.LogoutTest" name="logoutMethod" time="1.636"/>
</testsuite> <!-- FirefoxTest -->
