<?xml version="1.0" encoding="UTF-8"?>
<!-- Generated by org.testng.reporters.JUnitReportReporter -->
<testsuite hostname="DESKTOP-3RS7JLM" failures="0" tests="3" name="testscript.AdminUsersTest" time="24.263" errors="0" timestamp="2026-01-13T10:34:52 IST" skipped="2">
  <testcase classname="testscript.AdminUsersTest" name="adminUsersMethod" time="5.189"/>
  <testcase classname="testscript.AdminUsersTest" name="adminUsersMethod" time="9.849">
    <skipped/>
  </testcase> <!-- adminUsersMethod -->
  <testcase classname="testscript.AdminUsersTest" name="adminUsersMethod" time="9.225">
    <skipped/>
  </testcase> <!-- adminUsersMethod -->
</testsuite> <!-- testscript.AdminUsersTest -->
