<?xml version="1.0" encoding="UTF-8"?>
<!-- Generated by org.testng.reporters.JUnitReportReporter -->
<testsuite hostname="DESKTOP-3RS7JLM" failures="0" tests="2" name="testscript.ManageCategoryTest" time="36.161" errors="0" timestamp="2026-01-19T11:44:41 IST" skipped="0">
  <testcase classname="testscript.ManageCategoryTest" name="manageCategoryMethod" time="23.126"/>
  <testcase classname="testscript.ManageCategoryTest" name="manageCategoryMethod" time="13.035"/>
</testsuite> <!-- testscript.ManageCategoryTest -->
