<?xml version="1.0" encoding="UTF-8"?>
<!-- Generated by org.testng.reporters.JUnitReportReporter -->
<testsuite hostname="DESKTOP-3RS7JLM" failures="0" tests="4" name="testscript.LoginTest" time="18.401" errors="0" timestamp="2026-01-15T12:16:06 IST" skipped="0">
  <testcase classname="testscript.LoginTest" name="verifyTheUserIsAbleToLoginUsingValidCredentials" time="6.397"/>
  <testcase classname="testscript.LoginTest" name="verifyTheUserIsAbleToLoginUsingValidUsernameAndInvalidPassword" time="4.327"/>
  <testcase classname="testscript.LoginTest" name="verifyTheUserIsAbleToLoginUsingInvalidUsernameAndValidPassword" time="4.899"/>
  <testcase classname="testscript.LoginTest" name="verifyTheUserIsAbleToLoginUsingInValidCredentials" time="2.778"/>
</testsuite> <!-- testscript.LoginTest -->
