<?xml version="1.0" encoding="UTF-8"?>
<!-- Generated by org.testng.reporters.JUnitReportReporter -->
<testsuite hostname="DESKTOP-3RS7JLM" failures="0" tests="2" name="testscript.ManageContactTest" time="26.658" errors="0" timestamp="2026-01-19T11:44:41 IST" skipped="0">
  <testcase classname="testscript.ManageContactTest" name="manageContactMethod" time="18.049"/>
  <testcase classname="testscript.ManageContactTest" name="manageContactMethod" time="8.609"/>
</testsuite> <!-- testscript.ManageContactTest -->
