<?xml version="1.0" encoding="UTF-8"?>
<!-- Generated by org.testng.reporters.JUnitReportReporter -->
<testsuite hostname="DESKTOP-3RS7JLM" failures="0" tests="2" name="testscript.AdminUsersTest" time="14.623" errors="0" timestamp="2026-01-13T10:23:55 IST" skipped="1">
  <testcase classname="testscript.AdminUsersTest" name="adminUsersMethod" time="5.013"/>
  <testcase classname="testscript.AdminUsersTest" name="adminUsersMethod" time="9.610">
    <skipped/>
  </testcase> <!-- adminUsersMethod -->
</testsuite> <!-- testscript.AdminUsersTest -->
