<?xml version="1.0" encoding="UTF-8"?>
<!-- Generated by org.testng.reporters.JUnitReportReporter -->
<testsuite hostname="DESKTOP-3RS7JLM" failures="0" tests="2" name="testscript.ManageFooterTextTest" time="28.130" errors="0" timestamp="2026-01-19T11:44:41 IST" skipped="0">
  <testcase classname="testscript.ManageFooterTextTest" name="manageFooterTextMethod" time="21.385"/>
  <testcase classname="testscript.ManageFooterTextTest" name="manageFooterTextMethod" time="6.745"/>
</testsuite> <!-- testscript.ManageFooterTextTest -->
