<?xml version="1.0" encoding="UTF-8"?>
<!-- Generated by org.testng.reporters.JUnitReportReporter -->
<testsuite hostname="DESKTOP-3RS7JLM" failures="0" tests="2" name="testscript.ManageNewsTest" time="26.177" errors="0" timestamp="2026-01-19T11:44:41 IST" skipped="0">
  <testcase classname="testscript.ManageNewsTest" name="manageNewsMoreInfoMethod" time="17.433"/>
  <testcase classname="testscript.ManageNewsTest" name="manageNewsMoreInfoMethod" time="8.744"/>
</testsuite> <!-- testscript.ManageNewsTest -->
